{"level":"debug","time":1703130688,"message":"No Key Migrate"}
{"level":"debug","time":1703130691,"message":"Wrong PIN 403"}
{"level":"debug","time":1703686903,"message":"No Key Migrate"}
{"level":"debug","time":1703687028,"message":"No Key Migrate"}
{"level":"debug","time":1703687071,"message":"No Key Migrate"}
{"level":"debug","time":1703687120,"message":"No Key Migrate"}
{"level":"debug","time":1703687185,"message":"No Key Migrate"}
{"level":"debug","time":1703687235,"message":"No Key Migrate"}
{"level":"debug","time":1703687270,"message":"No Key Migrate"}
{"level":"debug","time":1703687362,"message":"No Key Migrate"}
{"level":"debug","time":1703687399,"message":"No Key Migrate"}
{"level":"debug","time":1703687463,"message":"No Key Migrate"}
{"level":"debug","time":1703687485,"message":"No Key Migrate"}
{"level":"debug","time":1703687584,"message":"No Key Migrate"}
{"level":"debug","time":1703687632,"message":"No Key Migrate"}
{"level":"debug","time":1703687667,"message":"No Key Migrate"}
{"level":"debug","time":1703687740,"message":"No Key Migrate"}
{"level":"debug","time":1703687824,"message":"No Key Migrate"}
{"level":"debug","time":1703687897,"message":"No Key Migrate"}
{"level":"debug","time":1703688085,"message":"No Key Migrate"}
{"level":"debug","time":1703688117,"message":"No Key Migrate"}
{"level":"debug","time":1703688156,"message":"No Key Migrate"}
{"level":"debug","time":1703688246,"message":"No Key Migrate"}
{"level":"debug","time":1703688335,"message":"No Key Migrate"}
{"level":"debug","time":1703688424,"message":"No Key Migrate"}
{"level":"debug","time":1703688463,"message":"No Key Migrate"}
{"level":"debug","time":1703688496,"message":"No Key Migrate"}
{"level":"debug","time":1703688515,"message":"No Key Migrate"}
{"level":"debug","time":1703688539,"message":"No Key Migrate"}
{"level":"debug","time":1703688563,"message":"No Key Migrate"}
{"level":"debug","time":1703688697,"message":"No Key Migrate"}
{"level":"debug","time":1703689015,"message":"No Key Migrate"}
{"level":"debug","time":1703690177,"message":"No Key Migrate"}
{"level":"debug","time":1703690270,"message":"No Key Migrate"}
{"level":"debug","time":1703690299,"message":"No Key Migrate"}
{"level":"debug","time":1703690373,"message":"No Key Migrate"}
{"level":"debug","time":1703690478,"message":"Wrong PIN 403"}
{"level":"debug","time":1703690484,"message":"Wrong PIN 403"}
{"level":"debug","time":1703690490,"message":"Wrong PIN 403"}
{"level":"debug","time":1703690506,"message":"Wrong PIN 403"}
{"level":"debug","time":1703690556,"message":"Number Phone Not Found Users 404"}
{"level":"debug","time":1703690573,"message":"Number Phone Not Found Users 404"}
{"level":"debug","time":1703690624,"message":"No Key Migrate"}
{"level":"debug","time":1703690625,"message":"Number Phone Not Found Users 404"}
{"level":"debug","time":1703690649,"message":"No Key Migrate"}
{"level":"debug","time":1703690666,"message":"No Key Migrate"}
{"level":"debug","time":1703690667,"message":"Number Phone Not Found Users 404"}
{"level":"debug","time":1703690885,"message":"No Key Migrate"}
{"level":"debug","time":1703690962,"message":"No Key Migrate"}
{"level":"debug","time":1703690963,"message":"Wrong PIN 403"}
{"level":"debug","time":1703690970,"message":"Wrong PIN 403"}
{"level":"debug","time":1703691000,"message":"Wrong PIN 403"}
{"level":"debug","time":1703691106,"message":"No Key Migrate"}
{"level":"debug","time":1703691106,"message":"Wrong PIN 403"}
{"level":"debug","time":1703691119,"message":"Wrong PIN 403"}
{"level":"debug","time":1703691155,"message":"Wrong PIN 403"}
{"level":"debug","time":1703691252,"message":"No Key Migrate"}
{"level":"debug","time":1703691252,"message":"Wrong PIN 403"}
{"level":"debug","time":1703691301,"message":"No Key Migrate"}
{"level":"debug","time":1703691302,"message":"Wrong PIN 403"}
{"level":"debug","time":1703691369,"message":"No Key Migrate"}
{"level":"debug","time":1703691395,"message":"No Key Migrate"}
{"level":"debug","time":1703691400,"message":"Wrong PIN 403"}
{"level":"debug","time":1703691415,"message":"Wrong PIN 403"}
{"level":"debug","time":1703691475,"message":"Wrong PIN 403"}
{"level":"debug","time":1703691516,"message":"No Key Migrate"}
{"level":"debug","time":1703691520,"message":"Wrong PIN 403"}
{"level":"debug","time":1703691567,"message":"No Key Migrate"}
{"level":"debug","time":1703691568,"message":"Wrong PIN 403"}
{"level":"debug","time":1703691572,"message":"Wrong PIN 403"}
{"level":"debug","time":1703691584,"message":"Wrong PIN 403"}
{"level":"debug","time":1703691594,"message":"Wrong PIN 403"}
{"level":"debug","time":1703691835,"message":"No Key Migrate"}
{"level":"debug","time":1703691868,"message":"No Key Migrate"}
{"level":"debug","time":1703691893,"message":"Wrong PIN 403"}
{"level":"debug","time":1703691900,"message":"Wrong PIN 403"}
{"level":"debug","time":1703691901,"message":"Wrong PIN 403"}
{"level":"debug","time":1703691954,"message":"No Key Migrate"}
{"level":"debug","time":1703691956,"message":"Wrong PIN 403"}
{"level":"debug","time":1703691976,"message":"Wrong PIN 403"}
{"level":"debug","time":1703691992,"message":"Wrong PIN 403"}
{"level":"debug","time":1703691996,"message":"Wrong PIN 403"}
{"level":"debug","time":1703733050,"message":"No Key Migrate"}
{"level":"debug","time":1703733097,"message":"Success Send Otp with Number: 089668997397 Your OTP : 950432201"}
{"level":"debug","time":1703733097,"message":"Success Send OTP to number: 089668997397201 Created"}
{"level":"debug","time":1703733097,"message":"Error 201 Created unclomplate otp201"}
{"level":"debug","time":1703733208,"message":"Success Send Otp with Number: 089668997397 Your OTP : 828270201"}
{"level":"debug","time":1703733209,"message":"Success Send OTP to number: 089668997397201 Created"}
{"level":"debug","time":1703733209,"message":"Error 201 Created unclomplate otp201"}
{"level":"debug","time":1703733300,"message":"No Key Migrate"}
{"level":"debug","time":1703733301,"message":"Success Send Otp with Number: 089668997397 Your OTP : 114891201"}
{"level":"debug","time":1703733301,"message":"Success Send OTP to number: 089668997397201 Created"}
{"level":"debug","time":1703733301,"message":"Error 201 Created unclomplate otp201"}
{"level":"debug","time":1703733353,"message":"Success Send Otp with Number: 089668997397 Your OTP : 816276201"}
{"level":"debug","time":1703733354,"message":"Success Send OTP to number: 089668997397201 Created"}
{"level":"debug","time":1703733354,"message":"Error 201 Created unclomplate otp201"}
{"level":"debug","time":1703733404,"message":"No Key Migrate"}
{"level":"debug","time":1703733420,"message":"Success Send Otp with Number: 089668997397 Your OTP : 437961201"}
{"level":"debug","time":1703733420,"message":"Success Send OTP to number: 089668997397201 Created"}
{"level":"debug","time":1703733420,"message":"Error 201 Created unclomplate otp201"}
{"level":"debug","time":1703733490,"message":"No Key Migrate"}
{"level":"debug","time":1703733491,"message":"Success Send Otp with Number: 089668997397 Your OTP : 779501201"}
{"level":"debug","time":1703733492,"message":"Success Send OTP to number: 089668997397201 Created"}
{"level":"debug","time":1703733492,"message":"Error 201 Created unclomplate otp201"}
{"level":"debug","time":1703733617,"message":"No Key Migrate"}
{"level":"debug","time":1703733623,"message":"Error Sorry, your OTP has expired403"}
{"level":"debug","time":1703733625,"message":"Success Send Otp with Number: 089668997397 Your OTP : 962398201"}
{"level":"debug","time":1703733625,"message":"Success Send OTP to number: 089668997397201 Created"}
{"level":"debug","time":1703733625,"message":"Error 201 Created unclomplate otp201"}
{"level":"debug","time":1703733835,"message":"No Key Migrate"}
{"level":"debug","time":1703733891,"message":"Success Send Otp with Number: 089668997397 Your OTP : 232934201"}
{"level":"debug","time":1703733892,"message":"Success Send OTP to number: 089668997397201 Created"}
{"level":"debug","time":1703733892,"message":"Error 201 Created unclomplate otp201"}
{"level":"debug","time":1703733932,"message":"No Key Migrate"}
{"level":"debug","time":1703733941,"message":"No Key Migrate"}
{"level":"debug","time":1703733951,"message":"Success Send Otp with Number: 089668997397 Your OTP : 382214201"}
{"level":"debug","time":1703733952,"message":"Success Send OTP to number: 089668997397201 Created"}
{"level":"debug","time":1703733952,"message":"Error 201 Created unclomplate otp201"}
{"level":"debug","time":1703734054,"message":"No Key Migrate"}
{"level":"debug","time":1703734059,"message":"Success Send Otp with Number: 089668997397 Your OTP : 274865201"}
{"level":"debug","time":1703734060,"message":"Success Send OTP to number: 089668997397201 Created"}
{"level":"debug","time":1703734060,"message":"Error 201 Created unclomplate otp201"}
{"level":"debug","time":1703734092,"message":"Success Send Otp with Number: 089668997397 Your OTP : 096354201"}
{"level":"debug","time":1703734092,"message":"Success Send OTP to number: 089668997397201 Created"}
{"level":"debug","time":1703734092,"message":"Error 201 Created unclomplate otp201"}
{"level":"debug","time":1703734155,"message":"Success Send Otp with Number: 089668997397 Your OTP : 604492201"}
{"level":"debug","time":1703734155,"message":"Success Send OTP to number: 089668997397201 Created"}
{"level":"debug","time":1703734155,"message":"Error 201 Created unclomplate otp201"}
{"level":"debug","time":1703734165,"message":"Error Failed verify otp403"}
{"level":"debug","time":1703735777,"message":"No Key Migrate"}
{"level":"debug","time":1703735805,"message":"Success Send Otp with Number: 089668997397 Your OTP : 168751201"}
{"level":"debug","time":1703735805,"message":"Success Send OTP to number: 089668997397201 Created"}
{"level":"debug","time":1703735805,"message":"Error 201 Created unclomplate otp201"}
{"level":"debug","time":1703735921,"message":"No Key Migrate"}
{"level":"debug","time":1703735937,"message":"Success Send Otp with Number: 089668997397 Your OTP : 084181201"}
{"level":"debug","time":1703735937,"message":"Success Send OTP to number: 089668997397201 Created"}
{"level":"debug","time":1703735937,"message":"Error 201 Created unclomplate otp201"}
{"level":"debug","time":1703735977,"message":"No Key Migrate"}
{"level":"debug","time":1703735981,"message":"Success Send Otp with Number: 089668997397 Your OTP : 067030201"}
{"level":"debug","time":1703735981,"message":"Success Send OTP to number: 089668997397201 Created"}
{"level":"debug","time":1703735981,"message":"Error 201 Created unclomplate otp201"}
{"level":"debug","time":1703736025,"message":"No Key Migrate"}
{"level":"debug","time":1703736027,"message":"Success Send Otp with Number: 089668997397 Your OTP : 827576201"}
{"level":"debug","time":1703736027,"message":"Success Send OTP to number: 089668997397201 Created"}
{"level":"debug","time":1703736027,"message":"Error 201 Created unclomplate otp201"}
{"level":"debug","time":1703736058,"message":"Success Send Otp with Number: 089668997397 Your OTP : 676849201"}
{"level":"debug","time":1703736058,"message":"Success Send OTP to number: 089668997397201 Created"}
{"level":"debug","time":1703736058,"message":"Error 201 Created unclomplate otp201"}
{"level":"debug","time":1703736086,"message":"No Key Migrate"}
